<?xml version="1.0" encoding="UTF-8"?>
<testng-results ignored="0" total="4" passed="4" failed="0" skipped="0">
  <reporter-output>
  </reporter-output>
  <suite started-at="2022-11-01T10:17:43 UTC" name="Suite" finished-at="2022-11-01T10:17:57 UTC" duration-ms="13514">
    <groups>
      <group name="cucumber">
        <method signature="AbstractTestNGCucumberTests.runScenario(io.cucumber.testng.PickleWrapper,io.cucumber.testng.FeatureWrapper)[pri:0, instance:com.neosoft.SpringBasic.runner.TestRunner@2b4bac49]" name="runScenario" class="io.cucumber.testng.AbstractTestNGCucumberTests"/>
      </group> <!-- cucumber -->
    </groups>
    <test started-at="2022-11-01T10:17:43 UTC" name="E2E Test of EAApp" finished-at="2022-11-01T10:17:57 UTC" duration-ms="13514">
      <class name="com.neosoft.SpringBasic.runner.TestRunner">
        <test-method is-config="true" signature="setUpClass()[pri:0, instance:com.neosoft.SpringBasic.runner.TestRunner@2b4bac49]" started-at="2022-11-01T10:17:43 UTC" name="setUpClass" finished-at="2022-11-01T10:17:43 UTC" duration-ms="276" status="PASS">
          <reporter-output>
          </reporter-output>
        </test-method> <!-- setUpClass -->
        <test-method signature="runScenario(io.cucumber.testng.PickleWrapper,io.cucumber.testng.FeatureWrapper)[pri:0, instance:com.neosoft.SpringBasic.runner.TestRunner@2b4bac49]" started-at="2022-11-01T10:17:43 UTC" name="runScenario" description="Runs Cucumber Scenarios" data-provider="scenarios" finished-at="2022-11-01T10:17:57 UTC" duration-ms="13096" status="PASS">
          <params>
            <param index="0">
              <value>
                <![CDATA["Login with correct username and password"]]>
              </value>
            </param>
            <param index="1">
              <value>
                <![CDATA["Optional[LoginFeature]"]]>
              </value>
            </param>
          </params>
          <reporter-output>
          </reporter-output>
        </test-method> <!-- runScenario -->
        <test-method signature="runScenario(io.cucumber.testng.PickleWrapper,io.cucumber.testng.FeatureWrapper)[pri:0, instance:com.neosoft.SpringBasic.runner.TestRunner@2b4bac49]" started-at="2022-11-01T10:17:43 UTC" name="runScenario" description="Runs Cucumber Scenarios" data-provider="scenarios" finished-at="2022-11-01T10:17:57 UTC" duration-ms="13100" status="PASS">
          <params>
            <param index="0">
              <value>
                <![CDATA["Login with correct username and password 2"]]>
              </value>
            </param>
            <param index="1">
              <value>
                <![CDATA["Optional[LoginFeature]"]]>
              </value>
            </param>
          </params>
          <reporter-output>
          </reporter-output>
        </test-method> <!-- runScenario -->
        <test-method signature="runScenario(io.cucumber.testng.PickleWrapper,io.cucumber.testng.FeatureWrapper)[pri:0, instance:com.neosoft.SpringBasic.runner.TestRunner@2b4bac49]" started-at="2022-11-01T10:17:43 UTC" name="runScenario" description="Runs Cucumber Scenarios" data-provider="scenarios" finished-at="2022-11-01T10:17:57 UTC" duration-ms="13080" status="PASS">
          <params>
            <param index="0">
              <value>
                <![CDATA["Login with correct username and password 2"]]>
              </value>
            </param>
            <param index="1">
              <value>
                <![CDATA["Optional[LoginFeature]"]]>
              </value>
            </param>
          </params>
          <reporter-output>
          </reporter-output>
        </test-method> <!-- runScenario -->
        <test-method signature="runScenario(io.cucumber.testng.PickleWrapper,io.cucumber.testng.FeatureWrapper)[pri:0, instance:com.neosoft.SpringBasic.runner.TestRunner@2b4bac49]" started-at="2022-11-01T10:17:43 UTC" name="runScenario" description="Runs Cucumber Scenarios" data-provider="scenarios" finished-at="2022-11-01T10:17:57 UTC" duration-ms="13054" status="PASS">
          <params>
            <param index="0">
              <value>
                <![CDATA["Login with correct username and password"]]>
              </value>
            </param>
            <param index="1">
              <value>
                <![CDATA["Optional[LoginFeature]"]]>
              </value>
            </param>
          </params>
          <reporter-output>
          </reporter-output>
        </test-method> <!-- runScenario -->
        <test-method is-config="true" signature="tearDownClass()[pri:0, instance:com.neosoft.SpringBasic.runner.TestRunner@2b4bac49]" started-at="2022-11-01T10:17:57 UTC" name="tearDownClass" finished-at="2022-11-01T10:17:57 UTC" duration-ms="80" status="PASS">
          <reporter-output>
          </reporter-output>
        </test-method> <!-- tearDownClass -->
      </class> <!-- com.neosoft.SpringBasic.runner.TestRunner -->
    </test> <!-- E2E Test of EAApp -->
  </suite> <!-- Suite -->
</testng-results>
